<?xml version="1.0" encoding="UTF-8"?>
<!-- Generated by org.testng.reporters.JUnitReportReporter -->
<testsuite hostname="DESKTOP-S0T7VIK" name="com.POMDemo.LoginPageTest" tests="2" failures="0" timestamp="5 Aug 2021 07:28:09 GMT" time="7.372" errors="0">
  <testcase name="loginTestCase" time="7.020" classname="com.POMDemo.LoginPageTest"/>
  <testcase name="registerTest" time="0.352" classname="com.POMDemo.LoginPageTest"/>
</testsuite> <!-- com.POMDemo.LoginPageTest -->
